<?xml version="1.0" encoding="UTF-8"?>
<testng-results ignored="0" total="1" passed="1" failed="0" skipped="0">
  <reporter-output>
  </reporter-output>
  <suite started-at="2024-01-25T21:26:17 ICT" name="Default suite" finished-at="2024-01-25T21:26:23 ICT" duration-ms="6588">
    <groups>
    </groups>
    <test started-at="2024-01-25T21:26:17 ICT" name="Default test" finished-at="2024-01-25T21:26:23 ICT" duration-ms="6588">
      <class name="automation.testsuite.Day7_Practice">
        <test-method is-config="true" signature="openChrome()[pri:0, instance:automation.testsuite.Day7_Practice@52af26ee]" started-at="2024-01-25T21:26:17 ICT" name="openChrome" finished-at="2024-01-25T21:26:23 ICT" duration-ms="6381" status="PASS">
          <reporter-output>
          </reporter-output>
        </test-method> <!-- openChrome -->
        <test-method signature="testBepAnToan()[pri:0, instance:automation.testsuite.Day7_Practice@52af26ee]" started-at="2024-01-25T21:26:23 ICT" name="testBepAnToan" finished-at="2024-01-25T21:26:23 ICT" duration-ms="10" status="PASS">
          <reporter-output>
          </reporter-output>
        </test-method> <!-- testBepAnToan -->
        <test-method is-config="true" signature="closeChrome()[pri:0, instance:automation.testsuite.Day7_Practice@52af26ee]" started-at="2024-01-25T21:26:23 ICT" name="closeChrome" finished-at="2024-01-25T21:26:23 ICT" duration-ms="149" status="PASS">
          <reporter-output>
          </reporter-output>
        </test-method> <!-- closeChrome -->
      </class> <!-- automation.testsuite.Day7_Practice -->
    </test> <!-- Default test -->
  </suite> <!-- Default suite -->
</testng-results>
